{"C:\\Users\\admin\\packages\\regex-validify\\src\\validators\\regExp.ts": {"path":"C:\\Users\\admin\\packages\\regex-validify\\src\\validators\\regExp.ts","statementMap":{"0":{"start":{"line":86,"column":24},"end":{"line":86,"column":52}},"1":{"start":{"line":20,"column":21},"end":{"line":62,"column":10}},"2":{"start":{"line":64,"column":21},"end":{"line":84,"column":6}},"3":{"start":{"line":87,"column":8},"end":{"line":93,"column":10}},"4":{"start":{"line":101,"column":26},"end":{"line":101,"column":36}},"5":{"start":{"line":102,"column":8},"end":{"line":132,"column":9}},"6":{"start":{"line":103,"column":12},"end":{"line":110,"column":13}},"7":{"start":{"line":104,"column":16},"end":{"line":109,"column":28}},"8":{"start":{"line":112,"column":28},"end":{"line":112,"column":47}},"9":{"start":{"line":114,"column":12},"end":{"line":122,"column":13}},"10":{"start":{"line":115,"column":16},"end":{"line":121,"column":18}},"11":{"start":{"line":124,"column":12},"end":{"line":124,"column":27}},"12":{"start":{"line":126,"column":12},"end":{"line":131,"column":24}},"13":{"start":{"line":136,"column":8},"end":{"line":136,"column":51}},"14":{"start":{"line":140,"column":8},"end":{"line":140,"column":63}},"15":{"start":{"line":144,"column":8},"end":{"line":144,"column":59}},"16":{"start":{"line":148,"column":8},"end":{"line":148,"column":59}},"17":{"start":{"line":152,"column":8},"end":{"line":152,"column":66}},"18":{"start":{"line":156,"column":8},"end":{"line":156,"column":59}},"19":{"start":{"line":160,"column":8},"end":{"line":160,"column":65}},"20":{"start":{"line":164,"column":8},"end":{"line":164,"column":66}},"21":{"start":{"line":168,"column":8},"end":{"line":168,"column":70}},"22":{"start":{"line":172,"column":8},"end":{"line":172,"column":67}},"23":{"start":{"line":176,"column":8},"end":{"line":176,"column":63}},"24":{"start":{"line":180,"column":8},"end":{"line":180,"column":65}},"25":{"start":{"line":184,"column":8},"end":{"line":184,"column":59}},"26":{"start":{"line":188,"column":8},"end":{"line":188,"column":65}},"27":{"start":{"line":192,"column":8},"end":{"line":192,"column":66}},"28":{"start":{"line":196,"column":8},"end":{"line":196,"column":63}},"29":{"start":{"line":200,"column":8},"end":{"line":200,"column":67}},"30":{"start":{"line":204,"column":8},"end":{"line":204,"column":59}},"31":{"start":{"line":208,"column":8},"end":{"line":208,"column":61}},"32":{"start":{"line":212,"column":8},"end":{"line":212,"column":61}},"33":{"start":{"line":216,"column":8},"end":{"line":216,"column":73}},"34":{"start":{"line":220,"column":8},"end":{"line":220,"column":73}},"35":{"start":{"line":224,"column":8},"end":{"line":224,"column":72}},"36":{"start":{"line":228,"column":8},"end":{"line":228,"column":63}},"37":{"start":{"line":232,"column":8},"end":{"line":232,"column":71}},"38":{"start":{"line":236,"column":8},"end":{"line":236,"column":71}},"39":{"start":{"line":240,"column":8},"end":{"line":240,"column":70}},"40":{"start":{"line":244,"column":8},"end":{"line":244,"column":69}},"41":{"start":{"line":248,"column":8},"end":{"line":248,"column":64}},"42":{"start":{"line":252,"column":8},"end":{"line":252,"column":61}},"43":{"start":{"line":256,"column":8},"end":{"line":256,"column":62}},"44":{"start":{"line":260,"column":8},"end":{"line":260,"column":64}},"45":{"start":{"line":264,"column":8},"end":{"line":264,"column":65}},"46":{"start":{"line":268,"column":8},"end":{"line":268,"column":66}},"47":{"start":{"line":272,"column":8},"end":{"line":272,"column":66}},"48":{"start":{"line":276,"column":8},"end":{"line":276,"column":67}},"49":{"start":{"line":280,"column":8},"end":{"line":280,"column":67}},"50":{"start":{"line":284,"column":8},"end":{"line":284,"column":67}},"51":{"start":{"line":288,"column":8},"end":{"line":288,"column":68}},"52":{"start":{"line":296,"column":8},"end":{"line":296,"column":83}},"53":{"start":{"line":304,"column":8},"end":{"line":304,"column":83}},"54":{"start":{"line":312,"column":8},"end":{"line":312,"column":79}},"55":{"start":{"line":320,"column":25},"end":{"line":320,"column":92}},"56":{"start":{"line":321,"column":25},"end":{"line":321,"column":93}},"57":{"start":{"line":323,"column":8},"end":{"line":337,"column":24}},"58":{"start":{"line":345,"column":52},"end":{"line":350,"column":10}},"59":{"start":{"line":351,"column":8},"end":{"line":351,"column":85}},"60":{"start":{"line":355,"column":28},"end":{"line":355,"column":104}},"61":{"start":{"line":356,"column":8},"end":{"line":356,"column":54}},"62":{"start":{"line":369,"column":18},"end":{"line":374,"column":null}},"63":{"start":{"line":377,"column":22},"end":{"line":377,"column":25}},"64":{"start":{"line":378,"column":8},"end":{"line":378,"column":60}},"65":{"start":{"line":378,"column":35},"end":{"line":378,"column":60}},"66":{"start":{"line":379,"column":8},"end":{"line":379,"column":56}},"67":{"start":{"line":379,"column":33},"end":{"line":379,"column":56}},"68":{"start":{"line":380,"column":8},"end":{"line":380,"column":68}},"69":{"start":{"line":380,"column":38},"end":{"line":380,"column":68}},"70":{"start":{"line":381,"column":8},"end":{"line":381,"column":44}},"71":{"start":{"line":383,"column":8},"end":{"line":383,"column":66}},"72":{"start":{"line":388,"column":28},"end":{"line":388,"column":56}},"73":{"start":{"line":389,"column":8},"end":{"line":389,"column":54}},"74":{"start":{"line":393,"column":30},"end":{"line":393,"column":96}},"75":{"start":{"line":394,"column":8},"end":{"line":394,"column":58}},"76":{"start":{"line":398,"column":0},"end":{"line":398,"column":31}}},"fnMap":{"0":{"name":"(anonymous_0)","decl":{"start":{"line":86,"column":4},"end":{"line":86,"column":24}},"loc":{"start":{"line":86,"column":54},"end":{"line":94,"column":5}}},"1":{"name":"(anonymous_1)","decl":{"start":{"line":96,"column":12},"end":{"line":96,"column":20}},"loc":{"start":{"line":99,"column":28},"end":{"line":133,"column":5}}},"2":{"name":"(anonymous_2)","decl":{"start":{"line":135,"column":11},"end":{"line":135,"column":18}},"loc":{"start":{"line":135,"column":71},"end":{"line":137,"column":5}}},"3":{"name":"(anonymous_3)","decl":{"start":{"line":139,"column":11},"end":{"line":139,"column":23}},"loc":{"start":{"line":139,"column":59},"end":{"line":141,"column":5}}},"4":{"name":"(anonymous_4)","decl":{"start":{"line":143,"column":11},"end":{"line":143,"column":22}},"loc":{"start":{"line":143,"column":55},"end":{"line":145,"column":5}}},"5":{"name":"(anonymous_5)","decl":{"start":{"line":147,"column":11},"end":{"line":147,"column":22}},"loc":{"start":{"line":147,"column":55},"end":{"line":149,"column":5}}},"6":{"name":"(anonymous_6)","decl":{"start":{"line":151,"column":11},"end":{"line":151,"column":28}},"loc":{"start":{"line":151,"column":62},"end":{"line":153,"column":5}}},"7":{"name":"(anonymous_7)","decl":{"start":{"line":155,"column":11},"end":{"line":155,"column":21}},"loc":{"start":{"line":155,"column":55},"end":{"line":157,"column":5}}},"8":{"name":"(anonymous_8)","decl":{"start":{"line":159,"column":11},"end":{"line":159,"column":26}},"loc":{"start":{"line":159,"column":61},"end":{"line":161,"column":5}}},"9":{"name":"(anonymous_9)","decl":{"start":{"line":163,"column":11},"end":{"line":163,"column":26}},"loc":{"start":{"line":163,"column":62},"end":{"line":165,"column":5}}},"10":{"name":"(anonymous_10)","decl":{"start":{"line":167,"column":11},"end":{"line":167,"column":20}},"loc":{"start":{"line":167,"column":56},"end":{"line":169,"column":5}}},"11":{"name":"(anonymous_11)","decl":{"start":{"line":171,"column":11},"end":{"line":171,"column":18}},"loc":{"start":{"line":171,"column":54},"end":{"line":173,"column":5}}},"12":{"name":"(anonymous_12)","decl":{"start":{"line":175,"column":11},"end":{"line":175,"column":18}},"loc":{"start":{"line":175,"column":54},"end":{"line":177,"column":5}}},"13":{"name":"(anonymous_13)","decl":{"start":{"line":179,"column":11},"end":{"line":179,"column":20}},"loc":{"start":{"line":179,"column":56},"end":{"line":181,"column":5}}},"14":{"name":"(anonymous_14)","decl":{"start":{"line":183,"column":11},"end":{"line":183,"column":21}},"loc":{"start":{"line":183,"column":55},"end":{"line":185,"column":5}}},"15":{"name":"(anonymous_15)","decl":{"start":{"line":187,"column":11},"end":{"line":187,"column":24}},"loc":{"start":{"line":187,"column":61},"end":{"line":189,"column":5}}},"16":{"name":"(anonymous_16)","decl":{"start":{"line":191,"column":11},"end":{"line":191,"column":24}},"loc":{"start":{"line":191,"column":62},"end":{"line":193,"column":5}}},"17":{"name":"(anonymous_17)","decl":{"start":{"line":195,"column":11},"end":{"line":195,"column":29}},"loc":{"start":{"line":195,"column":65},"end":{"line":197,"column":5}}},"18":{"name":"(anonymous_18)","decl":{"start":{"line":199,"column":11},"end":{"line":199,"column":28}},"loc":{"start":{"line":199,"column":63},"end":{"line":201,"column":5}}},"19":{"name":"(anonymous_19)","decl":{"start":{"line":203,"column":11},"end":{"line":203,"column":21}},"loc":{"start":{"line":203,"column":55},"end":{"line":205,"column":5}}},"20":{"name":"(anonymous_20)","decl":{"start":{"line":207,"column":11},"end":{"line":207,"column":22}},"loc":{"start":{"line":207,"column":57},"end":{"line":209,"column":5}}},"21":{"name":"(anonymous_21)","decl":{"start":{"line":211,"column":11},"end":{"line":211,"column":22}},"loc":{"start":{"line":211,"column":57},"end":{"line":213,"column":5}}},"22":{"name":"(anonymous_22)","decl":{"start":{"line":215,"column":11},"end":{"line":215,"column":28}},"loc":{"start":{"line":215,"column":64},"end":{"line":217,"column":5}}},"23":{"name":"(anonymous_23)","decl":{"start":{"line":219,"column":11},"end":{"line":219,"column":28}},"loc":{"start":{"line":219,"column":64},"end":{"line":221,"column":5}}},"24":{"name":"(anonymous_24)","decl":{"start":{"line":223,"column":11},"end":{"line":223,"column":27}},"loc":{"start":{"line":223,"column":63},"end":{"line":225,"column":5}}},"25":{"name":"(anonymous_25)","decl":{"start":{"line":227,"column":11},"end":{"line":227,"column":18}},"loc":{"start":{"line":227,"column":54},"end":{"line":229,"column":5}}},"26":{"name":"(anonymous_26)","decl":{"start":{"line":231,"column":11},"end":{"line":231,"column":26}},"loc":{"start":{"line":231,"column":62},"end":{"line":233,"column":5}}},"27":{"name":"(anonymous_27)","decl":{"start":{"line":235,"column":11},"end":{"line":235,"column":26}},"loc":{"start":{"line":235,"column":62},"end":{"line":237,"column":5}}},"28":{"name":"(anonymous_28)","decl":{"start":{"line":239,"column":11},"end":{"line":239,"column":25}},"loc":{"start":{"line":239,"column":61},"end":{"line":241,"column":5}}},"29":{"name":"(anonymous_29)","decl":{"start":{"line":243,"column":11},"end":{"line":243,"column":24}},"loc":{"start":{"line":243,"column":60},"end":{"line":245,"column":5}}},"30":{"name":"(anonymous_30)","decl":{"start":{"line":247,"column":11},"end":{"line":247,"column":19}},"loc":{"start":{"line":247,"column":55},"end":{"line":249,"column":5}}},"31":{"name":"(anonymous_31)","decl":{"start":{"line":251,"column":11},"end":{"line":251,"column":21}},"loc":{"start":{"line":251,"column":57},"end":{"line":253,"column":5}}},"32":{"name":"(anonymous_32)","decl":{"start":{"line":255,"column":11},"end":{"line":255,"column":22}},"loc":{"start":{"line":255,"column":58},"end":{"line":257,"column":5}}},"33":{"name":"(anonymous_33)","decl":{"start":{"line":259,"column":11},"end":{"line":259,"column":24}},"loc":{"start":{"line":259,"column":60},"end":{"line":261,"column":5}}},"34":{"name":"(anonymous_34)","decl":{"start":{"line":263,"column":11},"end":{"line":263,"column":26}},"loc":{"start":{"line":263,"column":62},"end":{"line":265,"column":5}}},"35":{"name":"(anonymous_35)","decl":{"start":{"line":267,"column":11},"end":{"line":267,"column":26}},"loc":{"start":{"line":267,"column":62},"end":{"line":269,"column":5}}},"36":{"name":"(anonymous_36)","decl":{"start":{"line":271,"column":11},"end":{"line":271,"column":26}},"loc":{"start":{"line":271,"column":62},"end":{"line":273,"column":5}}},"37":{"name":"(anonymous_37)","decl":{"start":{"line":275,"column":11},"end":{"line":275,"column":22}},"loc":{"start":{"line":275,"column":58},"end":{"line":277,"column":5}}},"38":{"name":"(anonymous_38)","decl":{"start":{"line":279,"column":11},"end":{"line":279,"column":22}},"loc":{"start":{"line":279,"column":58},"end":{"line":281,"column":5}}},"39":{"name":"(anonymous_39)","decl":{"start":{"line":283,"column":11},"end":{"line":283,"column":22}},"loc":{"start":{"line":283,"column":58},"end":{"line":285,"column":5}}},"40":{"name":"(anonymous_40)","decl":{"start":{"line":287,"column":11},"end":{"line":287,"column":23}},"loc":{"start":{"line":287,"column":59},"end":{"line":289,"column":5}}},"41":{"name":"(anonymous_41)","decl":{"start":{"line":291,"column":11},"end":{"line":291,"column":26}},"loc":{"start":{"line":294,"column":28},"end":{"line":297,"column":5}}},"42":{"name":"(anonymous_42)","decl":{"start":{"line":299,"column":11},"end":{"line":299,"column":28}},"loc":{"start":{"line":302,"column":28},"end":{"line":305,"column":5}}},"43":{"name":"(anonymous_43)","decl":{"start":{"line":307,"column":11},"end":{"line":307,"column":31}},"loc":{"start":{"line":310,"column":28},"end":{"line":313,"column":5}}},"44":{"name":"(anonymous_44)","decl":{"start":{"line":315,"column":11},"end":{"line":315,"column":29}},"loc":{"start":{"line":318,"column":28},"end":{"line":338,"column":5}}},"45":{"name":"(anonymous_45)","decl":{"start":{"line":340,"column":11},"end":{"line":340,"column":22}},"loc":{"start":{"line":343,"column":28},"end":{"line":352,"column":5}}},"46":{"name":"(anonymous_46)","decl":{"start":{"line":354,"column":11},"end":{"line":354,"column":22}},"loc":{"start":{"line":354,"column":57},"end":{"line":357,"column":5}}},"47":{"name":"(anonymous_47)","decl":{"start":{"line":359,"column":11},"end":{"line":359,"column":27}},"loc":{"start":{"line":367,"column":28},"end":{"line":384,"column":5}}},"48":{"name":"(anonymous_48)","decl":{"start":{"line":387,"column":11},"end":{"line":387,"column":22}},"loc":{"start":{"line":387,"column":57},"end":{"line":390,"column":5}}},"49":{"name":"(anonymous_49)","decl":{"start":{"line":392,"column":11},"end":{"line":392,"column":19}},"loc":{"start":{"line":392,"column":56},"end":{"line":395,"column":5}}}},"branchMap":{"0":{"loc":{"start":{"line":86,"column":24},"end":{"line":86,"column":54}},"type":"default-arg","locations":[{"start":{"line":86,"column":52},"end":{"line":86,"column":54}}]},"1":{"loc":{"start":{"line":103,"column":12},"end":{"line":110,"column":13}},"type":"if","locations":[{"start":{"line":103,"column":12},"end":{"line":110,"column":13}}]},"2":{"loc":{"start":{"line":103,"column":42},"end":{"line":103,"column":70}},"type":"binary-expr","locations":[{"start":{"line":103,"column":42},"end":{"line":103,"column":62}},{"start":{"line":103,"column":66},"end":{"line":103,"column":70}}]},"3":{"loc":{"start":{"line":104,"column":23},"end":{"line":109,"column":27}},"type":"cond-expr","locations":[{"start":{"line":105,"column":22},"end":{"line":108,"column":null}},{"start":{"line":109,"column":22},"end":{"line":109,"column":27}}]},"4":{"loc":{"start":{"line":114,"column":12},"end":{"line":122,"column":13}},"type":"if","locations":[{"start":{"line":114,"column":12},"end":{"line":122,"column":13}}]},"5":{"loc":{"start":{"line":118,"column":29},"end":{"line":120,"column":45}},"type":"cond-expr","locations":[{"start":{"line":119,"column":26},"end":{"line":119,"column":49}},{"start":{"line":120,"column":26},"end":{"line":120,"column":45}}]},"6":{"loc":{"start":{"line":126,"column":19},"end":{"line":131,"column":23}},"type":"cond-expr","locations":[{"start":{"line":127,"column":18},"end":{"line":130,"column":null}},{"start":{"line":131,"column":18},"end":{"line":131,"column":23}}]},"7":{"loc":{"start":{"line":293,"column":8},"end":{"line":293,"column":41}},"type":"default-arg","locations":[{"start":{"line":293,"column":33},"end":{"line":293,"column":41}}]},"8":{"loc":{"start":{"line":323,"column":15},"end":{"line":337,"column":23}},"type":"cond-expr","locations":[{"start":{"line":324,"column":14},"end":{"line":332,"column":null}},{"start":{"line":333,"column":14},"end":{"line":337,"column":23}}]},"9":{"loc":{"start":{"line":326,"column":20},"end":{"line":330,"column":31}},"type":"cond-expr","locations":[{"start":{"line":327,"column":26},"end":{"line":329,"column":35}},{"start":{"line":330,"column":26},"end":{"line":330,"column":31}}]},"10":{"loc":{"start":{"line":327,"column":26},"end":{"line":329,"column":35}},"type":"cond-expr","locations":[{"start":{"line":328,"column":30},"end":{"line":328,"column":38}},{"start":{"line":329,"column":30},"end":{"line":329,"column":35}}]},"11":{"loc":{"start":{"line":327,"column":26},"end":{"line":327,"column":67}},"type":"binary-expr","locations":[{"start":{"line":327,"column":26},"end":{"line":327,"column":34}},{"start":{"line":327,"column":38},"end":{"line":327,"column":67}}]},"12":{"loc":{"start":{"line":333,"column":14},"end":{"line":337,"column":23}},"type":"cond-expr","locations":[{"start":{"line":334,"column":18},"end":{"line":336,"column":27}},{"start":{"line":337,"column":18},"end":{"line":337,"column":23}}]},"13":{"loc":{"start":{"line":334,"column":18},"end":{"line":336,"column":27}},"type":"cond-expr","locations":[{"start":{"line":335,"column":22},"end":{"line":335,"column":30}},{"start":{"line":336,"column":22},"end":{"line":336,"column":27}}]},"14":{"loc":{"start":{"line":334,"column":18},"end":{"line":334,"column":59}},"type":"binary-expr","locations":[{"start":{"line":334,"column":18},"end":{"line":334,"column":26}},{"start":{"line":334,"column":30},"end":{"line":334,"column":59}}]},"15":{"loc":{"start":{"line":342,"column":8},"end":{"line":342,"column":37}},"type":"default-arg","locations":[{"start":{"line":342,"column":25},"end":{"line":342,"column":37}}]},"16":{"loc":{"start":{"line":351,"column":35},"end":{"line":351,"column":77}},"type":"binary-expr","locations":[{"start":{"line":351,"column":35},"end":{"line":351,"column":51}},{"start":{"line":351,"column":55},"end":{"line":351,"column":77}}]},"17":{"loc":{"start":{"line":361,"column":8},"end":{"line":366,"column":14}},"type":"default-arg","locations":[{"start":{"line":366,"column":12},"end":{"line":366,"column":14}}]},"18":{"loc":{"start":{"line":378,"column":8},"end":{"line":378,"column":60}},"type":"if","locations":[{"start":{"line":378,"column":8},"end":{"line":378,"column":60}}]},"19":{"loc":{"start":{"line":379,"column":8},"end":{"line":379,"column":56}},"type":"if","locations":[{"start":{"line":379,"column":8},"end":{"line":379,"column":56}}]},"20":{"loc":{"start":{"line":380,"column":8},"end":{"line":380,"column":68}},"type":"if","locations":[{"start":{"line":380,"column":8},"end":{"line":380,"column":68}}]}},"s":{"0":0,"1":0,"2":0,"3":0,"4":0,"5":0,"6":0,"7":0,"8":0,"9":0,"10":0,"11":0,"12":0,"13":0,"14":0,"15":0,"16":0,"17":0,"18":0,"19":0,"20":0,"21":0,"22":0,"23":0,"24":0,"25":0,"26":0,"27":0,"28":0,"29":0,"30":0,"31":0,"32":0,"33":0,"34":0,"35":0,"36":0,"37":0,"38":0,"39":0,"40":0,"41":0,"42":0,"43":0,"44":0,"45":0,"46":0,"47":0,"48":0,"49":0,"50":0,"51":0,"52":0,"53":0,"54":0,"55":0,"56":0,"57":0,"58":0,"59":0,"60":0,"61":0,"62":0,"63":0,"64":0,"65":0,"66":0,"67":0,"68":0,"69":0,"70":0,"71":0,"72":0,"73":0,"74":0,"75":0,"76":0},"f":{"0":0,"1":0,"2":0,"3":0,"4":0,"5":0,"6":0,"7":0,"8":0,"9":0,"10":0,"11":0,"12":0,"13":0,"14":0,"15":0,"16":0,"17":0,"18":0,"19":0,"20":0,"21":0,"22":0,"23":0,"24":0,"25":0,"26":0,"27":0,"28":0,"29":0,"30":0,"31":0,"32":0,"33":0,"34":0,"35":0,"36":0,"37":0,"38":0,"39":0,"40":0,"41":0,"42":0,"43":0,"44":0,"45":0,"46":0,"47":0,"48":0,"49":0},"b":{"0":[0],"1":[0],"2":[0,0],"3":[0,0],"4":[0],"5":[0,0],"6":[0,0],"7":[0],"8":[0,0],"9":[0,0],"10":[0,0],"11":[0,0],"12":[0,0],"13":[0,0],"14":[0,0],"15":[0],"16":[0,0],"17":[0],"18":[0],"19":[0],"20":[0]}}
}
