TN:
SF:src\validators\regExp.ts
FN:86,(anonymous_0)
FN:96,(anonymous_1)
FN:135,(anonymous_2)
FN:139,(anonymous_3)
FN:143,(anonymous_4)
FN:147,(anonymous_5)
FN:151,(anonymous_6)
FN:155,(anonymous_7)
FN:159,(anonymous_8)
FN:163,(anonymous_9)
FN:167,(anonymous_10)
FN:171,(anonymous_11)
FN:175,(anonymous_12)
FN:179,(anonymous_13)
FN:183,(anonymous_14)
FN:187,(anonymous_15)
FN:191,(anonymous_16)
FN:195,(anonymous_17)
FN:199,(anonymous_18)
FN:203,(anonymous_19)
FN:207,(anonymous_20)
FN:211,(anonymous_21)
FN:215,(anonymous_22)
FN:219,(anonymous_23)
FN:223,(anonymous_24)
FN:227,(anonymous_25)
FN:231,(anonymous_26)
FN:235,(anonymous_27)
FN:239,(anonymous_28)
FN:243,(anonymous_29)
FN:247,(anonymous_30)
FN:251,(anonymous_31)
FN:255,(anonymous_32)
FN:259,(anonymous_33)
FN:263,(anonymous_34)
FN:267,(anonymous_35)
FN:271,(anonymous_36)
FN:275,(anonymous_37)
FN:279,(anonymous_38)
FN:283,(anonymous_39)
FN:287,(anonymous_40)
FN:291,(anonymous_41)
FN:299,(anonymous_42)
FN:307,(anonymous_43)
FN:315,(anonymous_44)
FN:340,(anonymous_45)
FN:354,(anonymous_46)
FN:359,(anonymous_47)
FN:387,(anonymous_48)
FN:392,(anonymous_49)
FNF:50
FNH:0
FNDA:0,(anonymous_0)
FNDA:0,(anonymous_1)
FNDA:0,(anonymous_2)
FNDA:0,(anonymous_3)
FNDA:0,(anonymous_4)
FNDA:0,(anonymous_5)
FNDA:0,(anonymous_6)
FNDA:0,(anonymous_7)
FNDA:0,(anonymous_8)
FNDA:0,(anonymous_9)
FNDA:0,(anonymous_10)
FNDA:0,(anonymous_11)
FNDA:0,(anonymous_12)
FNDA:0,(anonymous_13)
FNDA:0,(anonymous_14)
FNDA:0,(anonymous_15)
FNDA:0,(anonymous_16)
FNDA:0,(anonymous_17)
FNDA:0,(anonymous_18)
FNDA:0,(anonymous_19)
FNDA:0,(anonymous_20)
FNDA:0,(anonymous_21)
FNDA:0,(anonymous_22)
FNDA:0,(anonymous_23)
FNDA:0,(anonymous_24)
FNDA:0,(anonymous_25)
FNDA:0,(anonymous_26)
FNDA:0,(anonymous_27)
FNDA:0,(anonymous_28)
FNDA:0,(anonymous_29)
FNDA:0,(anonymous_30)
FNDA:0,(anonymous_31)
FNDA:0,(anonymous_32)
FNDA:0,(anonymous_33)
FNDA:0,(anonymous_34)
FNDA:0,(anonymous_35)
FNDA:0,(anonymous_36)
FNDA:0,(anonymous_37)
FNDA:0,(anonymous_38)
FNDA:0,(anonymous_39)
FNDA:0,(anonymous_40)
FNDA:0,(anonymous_41)
FNDA:0,(anonymous_42)
FNDA:0,(anonymous_43)
FNDA:0,(anonymous_44)
FNDA:0,(anonymous_45)
FNDA:0,(anonymous_46)
FNDA:0,(anonymous_47)
FNDA:0,(anonymous_48)
FNDA:0,(anonymous_49)
DA:20,0
DA:64,0
DA:86,0
DA:87,0
DA:101,0
DA:102,0
DA:103,0
DA:104,0
DA:112,0
DA:114,0
DA:115,0
DA:124,0
DA:126,0
DA:136,0
DA:140,0
DA:144,0
DA:148,0
DA:152,0
DA:156,0
DA:160,0
DA:164,0
DA:168,0
DA:172,0
DA:176,0
DA:180,0
DA:184,0
DA:188,0
DA:192,0
DA:196,0
DA:200,0
DA:204,0
DA:208,0
DA:212,0
DA:216,0
DA:220,0
DA:224,0
DA:228,0
DA:232,0
DA:236,0
DA:240,0
DA:244,0
DA:248,0
DA:252,0
DA:256,0
DA:260,0
DA:264,0
DA:268,0
DA:272,0
DA:276,0
DA:280,0
DA:284,0
DA:288,0
DA:296,0
DA:304,0
DA:312,0
DA:320,0
DA:321,0
DA:323,0
DA:345,0
DA:351,0
DA:355,0
DA:356,0
DA:369,0
DA:377,0
DA:378,0
DA:379,0
DA:380,0
DA:381,0
DA:383,0
DA:388,0
DA:389,0
DA:393,0
DA:394,0
DA:398,0
LF:74
LH:0
BRDA:86,0,0,0
BRDA:103,1,0,0
BRDA:103,2,0,0
BRDA:103,2,1,0
BRDA:104,3,0,0
BRDA:104,3,1,0
BRDA:114,4,0,0
BRDA:118,5,0,0
BRDA:118,5,1,0
BRDA:126,6,0,0
BRDA:126,6,1,0
BRDA:293,7,0,0
BRDA:323,8,0,0
BRDA:323,8,1,0
BRDA:326,9,0,0
BRDA:326,9,1,0
BRDA:327,10,0,0
BRDA:327,10,1,0
BRDA:327,11,0,0
BRDA:327,11,1,0
BRDA:333,12,0,0
BRDA:333,12,1,0
BRDA:334,13,0,0
BRDA:334,13,1,0
BRDA:334,14,0,0
BRDA:334,14,1,0
BRDA:342,15,0,0
BRDA:351,16,0,0
BRDA:351,16,1,0
BRDA:361,17,0,0
BRDA:378,18,0,0
BRDA:379,19,0,0
BRDA:380,20,0,0
BRF:33
BRH:0
end_of_record
